{"C:\\Users\\gabriella0633\\Documents\\gt-06\\node1\\src\\controllers\\OperacoesController.js": {"path":"C:\\Users\\gabriella0633\\Documents\\gt-06\\node1\\src\\controllers\\OperacoesController.js","statementMap":{"0":{"start":{"line":1,"column":13},"end":{"line":8,"column":1}},"1":{"start":{"line":2,"column":4},"end":{"line":7,"column":5}},"2":{"start":{"line":3,"column":22},"end":{"line":3,"column":29}},"3":{"start":{"line":4,"column":8},"end":{"line":4,"column":20}},"4":{"start":{"line":6,"column":8},"end":{"line":6,"column":35}},"5":{"start":{"line":10,"column":0},"end":{"line":12,"column":1}}},"fnMap":{"0":{"name":"(anonymous_0)","decl":{"start":{"line":1,"column":13},"end":{"line":1,"column":14}},"loc":{"start":{"line":1,"column":27},"end":{"line":8,"column":1}},"line":1}},"branchMap":{},"s":{"0":1,"1":1,"2":1,"3":1,"4":0,"5":1},"f":{"0":1},"b":{},"_coverageSchema":"1a1c01bbd47fc00a2c39e90264f33305004495a9","hash":"5505ee5dab641cce51c5bfa5cab32a24cbe00504"}
}
